Detecting C compiler ABI info failed to compile with the following output:
Change Dir: /home/shadoww/opengl-stuff/build/CMakeFiles/CMakeTmp

Run Build Command(s):/usr/bin/make -f Makefile cmTC_db166/fast && /usr/bin/make  -f CMakeFiles/cmTC_db166.dir/build.make CMakeFiles/cmTC_db166.dir/build
make[1]: Entering directory '/home/shadoww/opengl-stuff/build/CMakeFiles/CMakeTmp'
Building C object CMakeFiles/cmTC_db166.dir/CMakeCCompilerABI.c.o
/usr/bin/i686-w64-mingw32-gcc   -v -o CMakeFiles/cmTC_db166.dir/CMakeCCompilerABI.c.o -c /usr/share/cmake-3.21/Modules/CMakeCCompilerABI.c
Using built-in specs.
COLLECT_GCC=/usr/bin/i686-w64-mingw32-gcc
Target: i686-w64-mingw32
Configured with: /build/mingw-w64-gcc/src/gcc/configure --prefix=/usr --libexecdir=/usr/lib --target=i686-w64-mingw32 --with-bugurl=https://bugs.archlinux.org/ --enable-languages=c,lto,c++,ada,objc,obj-c++,fortran --enable-shared --enable-static --enable-threads=posix --enable-fully-dynamic-string --enable-libstdcxx-time=yes --enable-libstdcxx-filesystem-ts=yes --with-system-zlib --enable-cloog-backend=isl --enable-lto --enable-libgomp --disable-multilib --enable-checking=release --disable-sjlj-exceptions --with-dwarf2
Thread model: posix
Supported LTO compression algorithms: zlib zstd
gcc version 11.2.0 (GCC) 
COLLECT_GCC_OPTIONS='-v' '-o' 'CMakeFiles/cmTC_db166.dir/CMakeCCompilerABI.c.o' '-c' '-mtune=generic' '-march=pentiumpro' '-dumpdir' 'CMakeFiles/cmTC_db166.dir/'
 /usr/lib/gcc/i686-w64-mingw32/11.2.0/cc1 -quiet -v -D_REENTRANT /usr/share/cmake-3.21/Modules/CMakeCCompilerABI.c -quiet -dumpdir CMakeFiles/cmTC_db166.dir/ -dumpbase CMakeCCompilerABI.c.c -dumpbase-ext .c -mtune=generic -march=pentiumpro -version -o /tmp/ccdklF2u.s
GNU C17 (GCC) version 11.2.0 (i686-w64-mingw32)
	compiled by GNU C version 11.1.0, GMP version 6.2.1, MPFR version 4.1.0, MPC version 1.2.1, isl version isl-0.24-GMP

warning: MPFR header version 4.1.0 differs from library version 4.1.0-p13.
GGC heuristics: --param ggc-min-expand=100 --param ggc-min-heapsize=131072
ignoring nonexistent directory "/usr/lib/gcc/i686-w64-mingw32/11.2.0/../../../../i686-w64-mingw32/sys-include"
#include "..." search starts here:
#include <...> search starts here:
 /usr/lib/gcc/i686-w64-mingw32/11.2.0/include
 /usr/lib/gcc/i686-w64-mingw32/11.2.0/include-fixed
 /usr/lib/gcc/i686-w64-mingw32/11.2.0/../../../../i686-w64-mingw32/include
End of search list.
GNU C17 (GCC) version 11.2.0 (i686-w64-mingw32)
	compiled by GNU C version 11.1.0, GMP version 6.2.1, MPFR version 4.1.0, MPC version 1.2.1, isl version isl-0.24-GMP

warning: MPFR header version 4.1.0 differs from library version 4.1.0-p13.
GGC heuristics: --param ggc-min-expand=100 --param ggc-min-heapsize=131072
Compiler executable checksum: 411cdd9e164f1de3da2b3cc6a2bbfcd9
COLLECT_GCC_OPTIONS='-v' '-o' 'CMakeFiles/cmTC_db166.dir/CMakeCCompilerABI.c.o' '-c' '-mtune=generic' '-march=pentiumpro' '-dumpdir' 'CMakeFiles/cmTC_db166.dir/'
 /usr/lib/gcc/i686-w64-mingw32/11.2.0/../../../../i686-w64-mingw32/bin/as -v -o CMakeFiles/cmTC_db166.dir/CMakeCCompilerABI.c.o /tmp/ccdklF2u.s
GNU assembler version 2.36.1 (i686-w64-mingw32) using BFD version (GNU Binutils) 2.36.1
COMPILER_PATH=/usr/lib/gcc/i686-w64-mingw32/11.2.0/:/usr/lib/gcc/i686-w64-mingw32/11.2.0/:/usr/lib/gcc/i686-w64-mingw32/:/usr/lib/gcc/i686-w64-mingw32/11.2.0/:/usr/lib/gcc/i686-w64-mingw32/:/usr/lib/gcc/i686-w64-mingw32/11.2.0/../../../../i686-w64-mingw32/bin/
LIBRARY_PATH=/usr/lib/gcc/i686-w64-mingw32/11.2.0/:/usr/lib/gcc/i686-w64-mingw32/11.2.0/../../../../i686-w64-mingw32/lib/../lib/:/usr/lib/gcc/i686-w64-mingw32/11.2.0/../../../../i686-w64-mingw32/lib/
COLLECT_GCC_OPTIONS='-v' '-o' 'CMakeFiles/cmTC_db166.dir/CMakeCCompilerABI.c.o' '-c' '-mtune=generic' '-march=pentiumpro' '-dumpdir' 'CMakeFiles/cmTC_db166.dir/CMakeCCompilerABI.c.'
Linking C executable cmTC_db166
/usr/bin/cmake -E cmake_link_script CMakeFiles/cmTC_db166.dir/link.txt --verbose=1
/usr/bin/i686-w64-mingw32-gcc  -v CMakeFiles/cmTC_db166.dir/CMakeCCompilerABI.c.o -o cmTC_db166 
Using built-in specs.
COLLECT_GCC=/usr/bin/i686-w64-mingw32-gcc
COLLECT_LTO_WRAPPER=/usr/lib/gcc/i686-w64-mingw32/11.2.0/lto-wrapper
Target: i686-w64-mingw32
Configured with: /build/mingw-w64-gcc/src/gcc/configure --prefix=/usr --libexecdir=/usr/lib --target=i686-w64-mingw32 --with-bugurl=https://bugs.archlinux.org/ --enable-languages=c,lto,c++,ada,objc,obj-c++,fortran --enable-shared --enable-static --enable-threads=posix --enable-fully-dynamic-string --enable-libstdcxx-time=yes --enable-libstdcxx-filesystem-ts=yes --with-system-zlib --enable-cloog-backend=isl --enable-lto --enable-libgomp --disable-multilib --enable-checking=release --disable-sjlj-exceptions --with-dwarf2
Thread model: posix
Supported LTO compression algorithms: zlib zstd
gcc version 11.2.0 (GCC) 
COMPILER_PATH=/usr/lib/gcc/i686-w64-mingw32/11.2.0/:/usr/lib/gcc/i686-w64-mingw32/11.2.0/:/usr/lib/gcc/i686-w64-mingw32/:/usr/lib/gcc/i686-w64-mingw32/11.2.0/:/usr/lib/gcc/i686-w64-mingw32/:/usr/lib/gcc/i686-w64-mingw32/11.2.0/../../../../i686-w64-mingw32/bin/
LIBRARY_PATH=/usr/lib/gcc/i686-w64-mingw32/11.2.0/:/usr/lib/gcc/i686-w64-mingw32/11.2.0/../../../../i686-w64-mingw32/lib/../lib/:/usr/lib/gcc/i686-w64-mingw32/11.2.0/../../../../i686-w64-mingw32/lib/
COLLECT_GCC_OPTIONS='-v' '-o' 'cmTC_db166.exe' '-mtune=generic' '-march=pentiumpro' '-dumpdir' 'cmTC_db166.'
 /usr/lib/gcc/i686-w64-mingw32/11.2.0/collect2 -plugin /usr/lib/gcc/i686-w64-mingw32/11.2.0/liblto_plugin.so -plugin-opt=/usr/lib/gcc/i686-w64-mingw32/11.2.0/lto-wrapper -plugin-opt=-fresolution=/tmp/ccM1vXBM.res -plugin-opt=-pass-through=-lmingw32 -plugin-opt=-pass-through=-lgcc -plugin-opt=-pass-through=-lgcc_eh -plugin-opt=-pass-through=-lmoldname -plugin-opt=-pass-through=-lmingwex -plugin-opt=-pass-through=-lmsvcrt -plugin-opt=-pass-through=-lkernel32 -plugin-opt=-pass-through=-lpthread -plugin-opt=-pass-through=-ladvapi32 -plugin-opt=-pass-through=-lshell32 -plugin-opt=-pass-through=-luser32 -plugin-opt=-pass-through=-lkernel32 -plugin-opt=-pass-through=-lmingw32 -plugin-opt=-pass-through=-lgcc -plugin-opt=-pass-through=-lgcc_eh -plugin-opt=-pass-through=-lmoldname -plugin-opt=-pass-through=-lmingwex -plugin-opt=-pass-through=-lmsvcrt -plugin-opt=-pass-through=-lkernel32 -m i386pe -Bdynamic -o cmTC_db166.exe /usr/lib/gcc/i686-w64-mingw32/11.2.0/../../../../i686-w64-mingw32/lib/../lib/crt2.o /usr/lib/gcc/i686-w64-mingw32/11.2.0/crtbegin.o -L/usr/lib/gcc/i686-w64-mingw32/11.2.0 -L/usr/lib/gcc/i686-w64-mingw32/11.2.0/../../../../i686-w64-mingw32/lib/../lib -L/usr/lib/gcc/i686-w64-mingw32/11.2.0/../../../../i686-w64-mingw32/lib CMakeFiles/cmTC_db166.dir/CMakeCCompilerABI.c.o -lmingw32 -lgcc -lgcc_eh -lmoldname -lmingwex -lmsvcrt -lkernel32 -lpthread -ladvapi32 -lshell32 -luser32 -lkernel32 -lmingw32 -lgcc -lgcc_eh -lmoldname -lmingwex -lmsvcrt -lkernel32 /usr/lib/gcc/i686-w64-mingw32/11.2.0/crtend.o
COLLECT_GCC_OPTIONS='-v' '-o' 'cmTC_db166.exe' '-mtune=generic' '-march=pentiumpro' '-dumpdir' 'cmTC_db166.'
make[1]: Leaving directory '/home/shadoww/opengl-stuff/build/CMakeFiles/CMakeTmp'


Cannot copy output executable
  ''
to destination specified by COPY_FILE:
  '/home/shadoww/opengl-stuff/build/CMakeFiles/3.21.3/CMakeDetermineCompilerABI_C.bin'
Unable to find the executable at any of:
  /home/shadoww/opengl-stuff/build/CMakeFiles/CMakeTmp/cmTC_db166
  /home/shadoww/opengl-stuff/build/CMakeFiles/CMakeTmp/Debug/cmTC_db166
  /home/shadoww/opengl-stuff/build/CMakeFiles/CMakeTmp/Development/cmTC_db166


